# JRE version: OpenJDK Runtime Environment (8.0_242-b01) (build 1.8.0_242-release-1644-b01)
# Java VM: OpenJDK 64-Bit Server VM (25.242-b01 mixed mode windows-amd64 compressed oops)
Heap:
 PSYoungGen      total 136192K, used 10401K [0x00000000d5d80000, 0x00000000dff80000, 0x0000000100000000)
  eden space 131072K, 7% used [0x00000000d5d80000,0x00000000d67a8788,0x00000000ddd80000)
  from space 5120K, 0% used [0x00000000ddf80000,0x00000000ddf80000,0x00000000de480000)
  to   space 17408K, 0% used [0x00000000dee80000,0x00000000dee80000,0x00000000dff80000)
 ParOldGen       total 68096K, used 49400K [0x0000000081800000, 0x0000000085a80000, 0x00000000d5d80000)
  object space 68096K, 72% used [0x0000000081800000,0x000000008483e3e8,0x0000000085a80000)
 Metaspace       used 58128K, capacity 59106K, committed 59480K, reserved 1101824K
  class space    used 7021K, capacity 7278K, committed 7296K, reserved 1048576K
GC Heap History (10 events):
Event: 7.646 GC heap before
{Heap before GC invocations=6 (full 1):
 PSYoungGen      total 97792K, used 43559K [0x00000000d5d80000, 0x00000000de980000, 0x0000000100000000)
  eden space 92672K, 41% used [0x00000000d5d80000,0x00000000d8311430,0x00000000db800000)
  from space 5120K, 99% used [0x00000000de480000,0x00000000de978918,0x00000000de980000)
  to   space 5120K, 0% used [0x00000000ddf80000,0x00000000ddf80000,0x00000000de480000)
 ParOldGen       total 68096K, used 18774K [0x0000000081800000, 0x0000000085a80000, 0x00000000d5d80000)
  object space 68096K, 27% used [0x0000000081800000,0x0000000082a55a28,0x0000000085a80000)
 Metaspace       used 34627K, capacity 35080K, committed 35416K, reserved 1081344K
  class space    used 4344K, capacity 4477K, committed 4480K, reserved 1048576K
Event: 7.671 GC heap after
Heap after GC invocations=6 (full 1):
 PSYoungGen      total 136192K, used 5099K [0x00000000d5d80000, 0x00000000dff80000, 0x0000000100000000)
  eden space 131072K, 0% used [0x00000000d5d80000,0x00000000d5d80000,0x00000000ddd80000)
  from space 5120K, 99% used [0x00000000ddf80000,0x00000000de47adc8,0x00000000de480000)
  to   space 17408K, 0% used [0x00000000dee80000,0x00000000dee80000,0x00000000dff80000)
 ParOldGen       total 68096K, used 28790K [0x0000000081800000, 0x0000000085a80000, 0x00000000d5d80000)
  object space 68096K, 42% used [0x0000000081800000,0x000000008341d980,0x0000000085a80000)
 Metaspace       used 34627K, capacity 35080K, committed 35416K, reserved 1081344K
  class space    used 4344K, capacity 4477K, committed 4480K, reserved 1048576K
}
Event: 7.671 GC heap before
{Heap before GC invocations=7 (full 2):
 PSYoungGen      total 136192K, used 5099K [0x00000000d5d80000, 0x00000000dff80000, 0x0000000100000000)
  eden space 131072K, 0% used [0x00000000d5d80000,0x00000000d5d80000,0x00000000ddd80000)
  from space 5120K, 99% used [0x00000000ddf80000,0x00000000de47adc8,0x00000000de480000)
  to   space 17408K, 0% used [0x00000000dee80000,0x00000000dee80000,0x00000000dff80000)
 ParOldGen       total 68096K, used 28790K [0x0000000081800000, 0x0000000085a80000, 0x00000000d5d80000)
  object space 68096K, 42% used [0x0000000081800000,0x000000008341d980,0x0000000085a80000)
 Metaspace       used 34627K, capacity 35080K, committed 35416K, reserved 1081344K
  class space    used 4344K, capacity 4477K, committed 4480K, reserved 1048576K
Event: 7.833 GC heap after
Heap after GC invocations=7 (full 2):
 PSYoungGen      total 136192K, used 0K [0x00000000d5d80000, 0x00000000dff80000, 0x0000000100000000)
  eden space 131072K, 0% used [0x00000000d5d80000,0x00000000d5d80000,0x00000000ddd80000)
  from space 5120K, 0% used [0x00000000ddf80000,0x00000000ddf80000,0x00000000de480000)
  to   space 17408K, 0% used [0x00000000dee80000,0x00000000dee80000,0x00000000dff80000)
 ParOldGen       total 68096K, used 23610K [0x0000000081800000, 0x0000000085a80000, 0x00000000d5d80000)
  object space 68096K, 34% used [0x0000000081800000,0x0000000082f0ea80,0x0000000085a80000)
 Metaspace       used 34627K, capacity 35080K, committed 35416K, reserved 1081344K
  class space    used 4344K, capacity 4477K, committed 4480K, reserved 1048576K
}
Event: 10.942 GC heap before
{Heap before GC invocations=8 (full 2):
 PSYoungGen      total 136192K, used 131072K [0x00000000d5d80000, 0x00000000dff80000, 0x0000000100000000)
  eden space 131072K, 100% used [0x00000000d5d80000,0x00000000ddd80000,0x00000000ddd80000)
  from space 5120K, 0% used [0x00000000ddf80000,0x00000000ddf80000,0x00000000de480000)
  to   space 17408K, 0% used [0x00000000dee80000,0x00000000dee80000,0x00000000dff80000)
 ParOldGen       total 68096K, used 23610K [0x0000000081800000, 0x0000000085a80000, 0x00000000d5d80000)
  object space 68096K, 34% used [0x0000000081800000,0x0000000082f0ea80,0x0000000085a80000)
 Metaspace       used 46825K, capacity 47630K, committed 48088K, reserved 1091584K
  class space    used 5812K, capacity 6024K, committed 6144K, reserved 1048576K
Event: 10.970 GC heap after
Heap after GC invocations=8 (full 2):
 PSYoungGen      total 148480K, used 17386K [0x00000000d5d80000, 0x00000000dff80000, 0x0000000100000000)
  eden space 131072K, 0% used [0x00000000d5d80000,0x00000000d5d80000,0x00000000ddd80000)
  from space 17408K, 99% used [0x00000000dee80000,0x00000000dff7aaf0,0x00000000dff80000)
  to   space 5120K, 0% used [0x00000000ddf80000,0x00000000ddf80000,0x00000000de480000)
 ParOldGen       total 68096K, used 34336K [0x0000000081800000, 0x0000000085a80000, 0x00000000d5d80000)
  object space 68096K, 50% used [0x0000000081800000,0x00000000839881f8,0x0000000085a80000)
 Metaspace       used 46825K, capacity 47630K, committed 48088K, reserved 1091584K
  class space    used 5812K, capacity 6024K, committed 6144K, reserved 1048576K
}
Event: 13.697 GC heap before
{Heap before GC invocations=9 (full 2):
 PSYoungGen      total 148480K, used 124269K [0x00000000d5d80000, 0x00000000dff80000, 0x0000000100000000)
  eden space 131072K, 81% used [0x00000000d5d80000,0x00000000dc5e0bc0,0x00000000ddd80000)
  from space 17408K, 99% used [0x00000000dee80000,0x00000000dff7aaf0,0x00000000dff80000)
  to   space 5120K, 0% used [0x00000000ddf80000,0x00000000ddf80000,0x00000000de480000)
 ParOldGen       total 68096K, used 34336K [0x0000000081800000, 0x0000000085a80000, 0x00000000d5d80000)
  object space 68096K, 50% used [0x0000000081800000,0x00000000839881f8,0x0000000085a80000)
 Metaspace       used 57807K, capacity 58708K, committed 58968K, reserved 1101824K
  class space    used 6995K, capacity 7239K, committed 7296K, reserved 1048576K
Event: 13.736 GC heap after
Heap after GC invocations=9 (full 2):
 PSYoungGen      total 136192K, used 5091K [0x00000000d5d80000, 0x00000000dff80000, 0x0000000100000000)
  eden space 131072K, 0% used [0x00000000d5d80000,0x00000000d5d80000,0x00000000ddd80000)
  from space 5120K, 99% used [0x00000000ddf80000,0x00000000de478f48,0x00000000de480000)
  to   space 17408K, 0% used [0x00000000dee80000,0x00000000dee80000,0x00000000dff80000)
 ParOldGen       total 68096K, used 62675K [0x0000000081800000, 0x0000000085a80000, 0x00000000d5d80000)
  object space 68096K, 92% used [0x0000000081800000,0x0000000085534cd0,0x0000000085a80000)
 Metaspace       used 57807K, capacity 58708K, committed 58968K, reserved 1101824K
  class space    used 6995K, capacity 7239K, committed 7296K, reserved 1048576K
}
Event: 13.736 GC heap before
{Heap before GC invocations=10 (full 3):
 PSYoungGen      total 136192K, used 5091K [0x00000000d5d80000, 0x00000000dff80000, 0x0000000100000000)
  eden space 131072K, 0% used [0x00000000d5d80000,0x00000000d5d80000,0x00000000ddd80000)
  from space 5120K, 99% used [0x00000000ddf80000,0x00000000de478f48,0x00000000de480000)
  to   space 17408K, 0% used [0x00000000dee80000,0x00000000dee80000,0x00000000dff80000)
 ParOldGen       total 68096K, used 62675K [0x0000000081800000, 0x0000000085a80000, 0x00000000d5d80000)
  object space 68096K, 92% used [0x0000000081800000,0x0000000085534cd0,0x0000000085a80000)
 Metaspace       used 57807K, capacity 58708K, committed 58968K, reserved 1101824K
  class space    used 6995K, capacity 7239K, committed 7296K, reserved 1048576K
Event: 14.106 GC heap after
Heap after GC invocations=10 (full 3):
 PSYoungGen      total 136192K, used 0K [0x00000000d5d80000, 0x00000000dff80000, 0x0000000100000000)
  eden space 131072K, 0% used [0x00000000d5d80000,0x00000000d5d80000,0x00000000ddd80000)
  from space 5120K, 0% used [0x00000000ddf80000,0x00000000ddf80000,0x00000000de480000)
  to   space 17408K, 0% used [0x00000000dee80000,0x00000000dee80000,0x00000000dff80000)
 ParOldGen       total 68096K, used 49400K [0x0000000081800000, 0x0000000085a80000, 0x00000000d5d80000)
  object space 68096K, 72% used [0x0000000081800000,0x000000008483e3e8,0x0000000085a80000)
 Metaspace       used 57807K, capacity 58708K, committed 58968K, reserved 1101824K
  class space    used 6995K, capacity 7239K, committed 7296K, reserved 1048576K
}

