# JRE version: OpenJDK Runtime Environment (8.0_242-b01) (build 1.8.0_242-release-1644-b01)
# Java VM: OpenJDK 64-Bit Server VM (25.242-b01 mixed mode windows-amd64 compressed oops)
Heap:
 PSYoungGen      total 71680K, used 10404K [0x00000000d5d80000, 0x00000000dc300000, 0x0000000100000000)
  eden space 66560K, 7% used [0x00000000d5d80000,0x00000000d62ab3c8,0x00000000d9e80000)
  from space 5120K, 99% used [0x00000000d9e80000,0x00000000da37dcd8,0x00000000da380000)
  to   space 17408K, 0% used [0x00000000db200000,0x00000000db200000,0x00000000dc300000)
 ParOldGen       total 63488K, used 37469K [0x0000000081800000, 0x0000000085600000, 0x00000000d5d80000)
  object space 63488K, 59% used [0x0000000081800000,0x0000000083c97538,0x0000000085600000)
 Metaspace       used 43344K, capacity 44132K, committed 44376K, reserved 1087488K
  class space    used 5540K, capacity 5755K, committed 5760K, reserved 1048576K
GC Heap History (10 events):
Event: 5.442 GC heap before
{Heap before GC invocations=5 (full 1):
 PSYoungGen      total 38400K, used 33280K [0x00000000d5d80000, 0x00000000da880000, 0x0000000100000000)
  eden space 33280K, 100% used [0x00000000d5d80000,0x00000000d7e00000,0x00000000d7e00000)
  from space 5120K, 0% used [0x00000000d7e00000,0x00000000d7e00000,0x00000000d8300000)
  to   space 5120K, 0% used [0x00000000da380000,0x00000000da380000,0x00000000da880000)
 ParOldGen       total 63488K, used 9516K [0x0000000081800000, 0x0000000085600000, 0x00000000d5d80000)
  object space 63488K, 14% used [0x0000000081800000,0x000000008214b368,0x0000000085600000)
 Metaspace       used 22880K, capacity 23369K, committed 23552K, reserved 1071104K
  class space    used 2679K, capacity 2800K, committed 2816K, reserved 1048576K
Event: 5.449 GC heap after
Heap after GC invocations=5 (full 1):
 PSYoungGen      total 56832K, used 5090K [0x00000000d5d80000, 0x00000000da880000, 0x0000000100000000)
  eden space 51712K, 0% used [0x00000000d5d80000,0x00000000d5d80000,0x00000000d9000000)
  from space 5120K, 99% used [0x00000000da380000,0x00000000da8788f8,0x00000000da880000)
  to   space 5120K, 0% used [0x00000000d9e80000,0x00000000d9e80000,0x00000000da380000)
 ParOldGen       total 63488K, used 11137K [0x0000000081800000, 0x0000000085600000, 0x00000000d5d80000)
  object space 63488K, 17% used [0x0000000081800000,0x00000000822e05a8,0x0000000085600000)
 Metaspace       used 22880K, capacity 23369K, committed 23552K, reserved 1071104K
  class space    used 2679K, capacity 2800K, committed 2816K, reserved 1048576K
}
Event: 7.227 GC heap before
{Heap before GC invocations=6 (full 1):
 PSYoungGen      total 56832K, used 56802K [0x00000000d5d80000, 0x00000000da880000, 0x0000000100000000)
  eden space 51712K, 100% used [0x00000000d5d80000,0x00000000d9000000,0x00000000d9000000)
  from space 5120K, 99% used [0x00000000da380000,0x00000000da8788f8,0x00000000da880000)
  to   space 5120K, 0% used [0x00000000d9e80000,0x00000000d9e80000,0x00000000da380000)
 ParOldGen       total 63488K, used 11137K [0x0000000081800000, 0x0000000085600000, 0x00000000d5d80000)
  object space 63488K, 17% used [0x0000000081800000,0x00000000822e05a8,0x0000000085600000)
 Metaspace       used 31301K, capacity 31788K, committed 32128K, reserved 1077248K
  class space    used 3781K, capacity 3959K, committed 3968K, reserved 1048576K
Event: 7.260 GC heap after
Heap after GC invocations=6 (full 1):
 PSYoungGen      total 56832K, used 5090K [0x00000000d5d80000, 0x00000000da880000, 0x0000000100000000)
  eden space 51712K, 0% used [0x00000000d5d80000,0x00000000d5d80000,0x00000000d9000000)
  from space 5120K, 99% used [0x00000000d9e80000,0x00000000da378908,0x00000000da380000)
  to   space 5120K, 0% used [0x00000000da380000,0x00000000da380000,0x00000000da880000)
 ParOldGen       total 63488K, used 24397K [0x0000000081800000, 0x0000000085600000, 0x00000000d5d80000)
  object space 63488K, 38% used [0x0000000081800000,0x0000000082fd34b0,0x0000000085600000)
 Metaspace       used 31301K, capacity 31788K, committed 32128K, reserved 1077248K
  class space    used 3781K, capacity 3959K, committed 3968K, reserved 1048576K
}
Event: 8.383 GC heap before
{Heap before GC invocations=7 (full 1):
 PSYoungGen      total 56832K, used 23463K [0x00000000d5d80000, 0x00000000da880000, 0x0000000100000000)
  eden space 51712K, 35% used [0x00000000d5d80000,0x00000000d6f71638,0x00000000d9000000)
  from space 5120K, 99% used [0x00000000d9e80000,0x00000000da378908,0x00000000da380000)
  to   space 5120K, 0% used [0x00000000da380000,0x00000000da380000,0x00000000da880000)
 ParOldGen       total 63488K, used 24397K [0x0000000081800000, 0x0000000085600000, 0x00000000d5d80000)
  object space 63488K, 38% used [0x0000000081800000,0x0000000082fd34b0,0x0000000085600000)
 Metaspace       used 34632K, capacity 35080K, committed 35416K, reserved 1081344K
  class space    used 4344K, capacity 4477K, committed 4480K, reserved 1048576K
Event: 8.400 GC heap after
Heap after GC invocations=7 (full 1):
 PSYoungGen      total 56832K, used 5099K [0x00000000d5d80000, 0x00000000da880000, 0x0000000100000000)
  eden space 51712K, 0% used [0x00000000d5d80000,0x00000000d5d80000,0x00000000d9000000)
  from space 5120K, 99% used [0x00000000da380000,0x00000000da87adc8,0x00000000da880000)
  to   space 5120K, 0% used [0x00000000d9e80000,0x00000000d9e80000,0x00000000da380000)
 ParOldGen       total 63488K, used 28962K [0x0000000081800000, 0x0000000085600000, 0x00000000d5d80000)
  object space 63488K, 45% used [0x0000000081800000,0x0000000083448ad0,0x0000000085600000)
 Metaspace       used 34632K, capacity 35080K, committed 35416K, reserved 1081344K
  class space    used 4344K, capacity 4477K, committed 4480K, reserved 1048576K
}
Event: 8.400 GC heap before
{Heap before GC invocations=8 (full 2):
 PSYoungGen      total 56832K, used 5099K [0x00000000d5d80000, 0x00000000da880000, 0x0000000100000000)
  eden space 51712K, 0% used [0x00000000d5d80000,0x00000000d5d80000,0x00000000d9000000)
  from space 5120K, 99% used [0x00000000da380000,0x00000000da87adc8,0x00000000da880000)
  to   space 5120K, 0% used [0x00000000d9e80000,0x00000000d9e80000,0x00000000da380000)
 ParOldGen       total 63488K, used 28962K [0x0000000081800000, 0x0000000085600000, 0x00000000d5d80000)
  object space 63488K, 45% used [0x0000000081800000,0x0000000083448ad0,0x0000000085600000)
 Metaspace       used 34632K, capacity 35080K, committed 35416K, reserved 1081344K
  class space    used 4344K, capacity 4477K, committed 4480K, reserved 1048576K
Event: 8.589 GC heap after
Heap after GC invocations=8 (full 2):
 PSYoungGen      total 56832K, used 0K [0x00000000d5d80000, 0x00000000da880000, 0x0000000100000000)
  eden space 51712K, 0% used [0x00000000d5d80000,0x00000000d5d80000,0x00000000d9000000)
  from space 5120K, 0% used [0x00000000da380000,0x00000000da380000,0x00000000da880000)
  to   space 5120K, 0% used [0x00000000d9e80000,0x00000000d9e80000,0x00000000da380000)
 ParOldGen       total 63488K, used 28593K [0x0000000081800000, 0x0000000085600000, 0x00000000d5d80000)
  object space 63488K, 45% used [0x0000000081800000,0x00000000833ec780,0x0000000085600000)
 Metaspace       used 34632K, capacity 35080K, committed 35416K, reserved 1081344K
  class space    used 4344K, capacity 4477K, committed 4480K, reserved 1048576K
}
Event: 10.536 GC heap before
{Heap before GC invocations=9 (full 2):
 PSYoungGen      total 56832K, used 51712K [0x00000000d5d80000, 0x00000000da880000, 0x0000000100000000)
  eden space 51712K, 100% used [0x00000000d5d80000,0x00000000d9000000,0x00000000d9000000)
  from space 5120K, 0% used [0x00000000da380000,0x00000000da380000,0x00000000da880000)
  to   space 5120K, 0% used [0x00000000d9e80000,0x00000000d9e80000,0x00000000da380000)
 ParOldGen       total 63488K, used 28593K [0x0000000081800000, 0x0000000085600000, 0x00000000d5d80000)
  object space 63488K, 45% used [0x0000000081800000,0x00000000833ec780,0x0000000085600000)
 Metaspace       used 41886K, capacity 42616K, committed 43096K, reserved 1087488K
  class space    used 5264K, capacity 5457K, committed 5504K, reserved 1048576K
Event: 10.570 GC heap after
Heap after GC invocations=9 (full 2):
 PSYoungGen      total 71680K, used 5111K [0x00000000d5d80000, 0x00000000dc300000, 0x0000000100000000)
  eden space 66560K, 0% used [0x00000000d5d80000,0x00000000d5d80000,0x00000000d9e80000)
  from space 5120K, 99% used [0x00000000d9e80000,0x00000000da37dcd8,0x00000000da380000)
  to   space 17408K, 0% used [0x00000000db200000,0x00000000db200000,0x00000000dc300000)
 ParOldGen       total 63488K, used 37469K [0x0000000081800000, 0x0000000085600000, 0x00000000d5d80000)
  object space 63488K, 59% used [0x0000000081800000,0x0000000083c97538,0x0000000085600000)
 Metaspace       used 41886K, capacity 42616K, committed 43096K, reserved 1087488K
  class space    used 5264K, capacity 5457K, committed 5504K, reserved 1048576K
}

